21.9804
43.9608
65.9412
87.9216
109.902
131.882
153.863
175.843
197.823
219.804
241.784
263.765
285.745
307.725
329.706
351.686
373.667
395.647
417.627
439.608
461.588
483.569
505.549
527.529
549.51
571.49
593.47
615.451
637.431
659.412
681.392
703.372
725.353
747.333
769.314
791.294
813.274
835.255
857.235
879.216
901.196
923.176
945.157
967.137
989.117
1011.1
1033.08
1055.06
1077.04
1099.02
1121
1142.98
1164.96
1186.94
1208.92
1230.9
1252.88
1274.86
1296.84
1318.82
1340.8
1362.78
1384.76
1406.74
1428.73
1450.71
1472.69
1494.67
1516.65
1538.63
1560.61
1582.59
1604.57
1626.55
1648.53
1670.51
1692.49
1714.47
1736.45
1758.43
1780.41
1802.39
1824.37
1846.35
1868.33
1890.31
1912.29
1934.27
1956.25
1978.23
2000.22
2022.2
2044.18
2066.16
2088.14
2110.12
2132.1
2154.08
2176.06
2198.04
2220.02
2242
2263.98
2285.96
2307.94
2329.92
2351.9
2373.88
2395.86
2417.84
2439.82
2461.8
2483.78
2505.76
2527.74
2549.73
2571.71
2593.69
2615.67
2637.65
2659.63
2681.61
2703.59
2725.57
2747.55
2769.53
2791.51
2813.49
2835.47
2857.45
2879.43
2901.41
2923.39
2945.37
2967.35
2989.33
3011.31
3033.29
3055.27
3077.25
3099.23
3121.22
3143.2
3165.18
3187.16
3209.14
3231.12
3253.1
3275.08
3297.06
3319.04
3341.02
3363
3384.98
3406.96
3428.94
3450.92
3472.9
3494.88
3516.86
3538.84
3560.82
3582.8
3604.78
3626.76
3648.74
3670.72
3692.71
3714.69
3736.67
3758.65
3780.63
3802.61
3824.59
3846.57
3868.55
3890.53
3912.51
3934.49
3956.47
3978.45
4000.43
4022.41
4044.39
4066.37
4088.35
4110.33
4132.31
4154.29
4176.27
4198.25
4220.23
4242.21
4264.2
4286.18
4308.16
4330.14
4352.12
4374.1
4396.08
4418.06
4440.04
4462.02
4484
4505.98
4527.96
4549.94
4571.92
4593.9
4615.88
4637.86
4659.84
4681.82
4703.8
4725.78
4747.76
4769.74
4791.72
4813.7
4835.69
4857.67
4879.65
4901.63
4923.61
4945.59
4967.57
4989.55
5011.53
5033.51
5055.49
5077.47
5099.45
5121.43
5143.41
5165.39
5187.37
5209.35
5231.33
5253.31
5275.29
5297.27
5319.25
5341.23
5363.21
5385.2
5407.18
5429.16
5451.14
5473.12
5495.1
5517.08
5539.06
5561.04
5583.02
5605
5626.98
5648.96
5670.94
5692.92
5714.9
5736.88
5758.86
5780.84
5802.82
5824.8
5846.78
5868.76
5890.74
5912.72
5934.7
5956.69
5978.67
6000.65
6022.63
6044.61
6066.59
6088.57
6110.55
6132.53
6154.51
6176.49
6198.47
6220.45
6242.43
6264.41
6286.39
6308.37
6330.35
6352.33
6374.31
6396.29
6418.27
6440.25
6462.23
6484.21
6506.19
6528.18
6550.16
6572.14
6594.12
6616.1
6638.08
6660.06
6682.04
6704.02
6726
6747.98
6769.96
6791.94
6813.92
6835.9
6857.88
6879.86
6901.84
6923.82
6945.8
6967.78
6989.76
7011.74
7033.72
7055.7
7077.68
7099.67
7121.65
7143.63
7165.61
7187.59
7209.57
7231.55
7253.53
7275.51
7297.49
7319.47
7341.45
7363.43
7385.41
7407.39
7429.37
7451.35
7473.33
7495.31
7517.29
7539.27
7561.25
7583.23
7605.21
7627.19
7649.18
7671.16
7693.14
7715.12
7737.1
7759.08
7781.06
7803.04
7825.02
7847
7868.98
7890.96
7912.94
7934.92
7956.9
7978.88
8000.86
8022.84
8044.82
8066.8
8088.78
8110.76
8132.74
8154.72
8176.7
8198.68
8220.67
8242.65
8264.63
8286.61
8308.59
8330.57
8352.55
8374.53
8396.51
8418.49
8440.47
8462.45
8484.43
8506.41
8528.39
8550.37
8572.35
8594.33
8616.31
8638.29
8660.27
8682.25
8704.23
8726.21
8748.19
8770.17
8792.16
8814.14
8836.12
8858.1
8880.08
8902.06
8924.04
8946.02
8968
8989.98
9011.96
9033.94
9055.92
9077.9
9099.88
9121.86
9143.84
9165.82
9187.8
9209.78
9231.76
9253.74
9275.72
9297.7
9319.68
9341.66
9363.65
9385.63
9407.61
9429.59
9451.57
9473.55
9495.53
9517.51
9539.49
9561.47
9583.45
9605.43
9627.41
9649.39
9671.37
9693.35
9715.33
9737.31
9759.29
9781.27
9803.25
9825.23
9847.21
9869.19
9891.17
9913.16
9935.14
9957.12
9979.1
10001.1
10023.1
10045
10067
10089
10111
10133
10154.9
10176.9
10198.9
10220.9
10242.9
10264.8
10286.8
10308.8
10330.8
10352.8
10374.7
10396.7
10418.7
10440.7
10462.7
10484.6
10506.6
10528.6
10550.6
10572.6
10594.5
10616.5
10638.5
10660.5
10682.5
10704.4
10726.4
10748.4
10770.4
10792.4
10814.4
10836.3
10858.3
10880.3
10902.3
10924.3
10946.2
10968.2
10990.2
11012.2
11034.2
11056.1
11078.1
11100.1
11122.1
11144.1
11166
11188
11210
11232
11254
11275.9
11297.9
11319.9
11341.9
11363.9
11385.8
11407.8
11429.8
11451.8
11473.8
11495.7
11517.7
11539.7
11561.7
11583.7
11605.6
11627.6
11649.6
11671.6
11693.6
11715.5
11737.5
11759.5
11781.5
11803.5
11825.4
11847.4
11869.4
11891.4
11913.4
11935.4
11957.3
11979.3
12001.3
12023.3
12045.3
12067.2
12089.2
12111.2
12133.2
12155.2
12177.1
12199.1
12221.1
12243.1
12265.1
12287
12309
12331
12353
12375
